Determining if the pthread_create exist failed with the following output:
Change Dir: /home/kevlangelo/eddie_serial_driver/build/CMakeFiles/CMakeTmp

Run Build Command:"/usr/bin/make" "cmTryCompileExec110094868/fast"
/usr/bin/make -f CMakeFiles/cmTryCompileExec110094868.dir/build.make CMakeFiles/cmTryCompileExec110094868.dir/build
make[1]: Entering directory '/home/kevlangelo/eddie_serial_driver/build/CMakeFiles/CMakeTmp'
/usr/bin/cmake -E cmake_progress_report /home/kevlangelo/eddie_serial_driver/build/CMakeFiles/CMakeTmp/CMakeFiles 1
Building C object CMakeFiles/cmTryCompileExec110094868.dir/CheckSymbolExists.c.o
/usr/bin/cc    -o CMakeFiles/cmTryCompileExec110094868.dir/CheckSymbolExists.c.o   -c /home/kevlangelo/eddie_serial_driver/build/CMakeFiles/CMakeTmp/CheckSymbolExists.c
Linking C executable cmTryCompileExec110094868
/usr/bin/cmake -E cmake_link_script CMakeFiles/cmTryCompileExec110094868.dir/link.txt --verbose=1
/usr/bin/cc       CMakeFiles/cmTryCompileExec110094868.dir/CheckSymbolExists.c.o  -o cmTryCompileExec110094868 -rdynamic 
CMakeFiles/cmTryCompileExec110094868.dir/CheckSymbolExists.c.o: In function `main':
CheckSymbolExists.c:(.text+0x16): undefined reference to `pthread_create'
collect2: error: ld returned 1 exit status
CMakeFiles/cmTryCompileExec110094868.dir/build.make:88: recipe for target 'cmTryCompileExec110094868' failed
make[1]: *** [cmTryCompileExec110094868] Error 1
make[1]: Leaving directory '/home/kevlangelo/eddie_serial_driver/build/CMakeFiles/CMakeTmp'
Makefile:118: recipe for target 'cmTryCompileExec110094868/fast' failed
make: *** [cmTryCompileExec110094868/fast] Error 2

File /home/kevlangelo/eddie_serial_driver/build/CMakeFiles/CMakeTmp/CheckSymbolExists.c:
/* */
#include <pthread.h>

int main(int argc, char** argv)
{
  (void)argv;
#ifndef pthread_create
  return ((int*)(&pthread_create))[argc];
#else
  (void)argc;
  return 0;
#endif
}

Determining if the function pthread_create exists in the pthreads failed with the following output:
Change Dir: /home/kevlangelo/eddie_serial_driver/build/CMakeFiles/CMakeTmp

Run Build Command:"/usr/bin/make" "cmTryCompileExec4254379223/fast"
/usr/bin/make -f CMakeFiles/cmTryCompileExec4254379223.dir/build.make CMakeFiles/cmTryCompileExec4254379223.dir/build
make[1]: Entering directory '/home/kevlangelo/eddie_serial_driver/build/CMakeFiles/CMakeTmp'
/usr/bin/cmake -E cmake_progress_report /home/kevlangelo/eddie_serial_driver/build/CMakeFiles/CMakeTmp/CMakeFiles 1
Building C object CMakeFiles/cmTryCompileExec4254379223.dir/CheckFunctionExists.c.o
/usr/bin/cc   -DCHECK_FUNCTION_EXISTS=pthread_create   -o CMakeFiles/cmTryCompileExec4254379223.dir/CheckFunctionExists.c.o   -c /usr/share/cmake-3.0/Modules/CheckFunctionExists.c
Linking C executable cmTryCompileExec4254379223
/usr/bin/cmake -E cmake_link_script CMakeFiles/cmTryCompileExec4254379223.dir/link.txt --verbose=1
/usr/bin/cc   -DCHECK_FUNCTION_EXISTS=pthread_create    CMakeFiles/cmTryCompileExec4254379223.dir/CheckFunctionExists.c.o  -o cmTryCompileExec4254379223 -rdynamic -lpthreads 
/usr/bin/ld: cannot find -lpthreads
collect2: error: ld returned 1 exit status
CMakeFiles/cmTryCompileExec4254379223.dir/build.make:88: recipe for target 'cmTryCompileExec4254379223' failed
make[1]: *** [cmTryCompileExec4254379223] Error 1
make[1]: Leaving directory '/home/kevlangelo/eddie_serial_driver/build/CMakeFiles/CMakeTmp'
Makefile:118: recipe for target 'cmTryCompileExec4254379223/fast' failed
make: *** [cmTryCompileExec4254379223/fast] Error 2


